<?xml version="1.0" encoding="utf-8"?>
<scenario xmlns="urn:perfcake:scenario:5.0">
   <properties>
      <property name="quickstartName" value="testQS"/>
      <property name="filteredProperty" value="${test.filtered.property:default1}"/>
      <property name="defaultProperty" value="${test.missing.property:default-property-value}"/>
      <property name="propWithQsName" value="${quickstartName}-name"/>
   </properties>
   <run type="time" value="30"/>
   <generator class="DefaultMessageGenerator" threads="10">
      <property name="senderTaskQueueSize" value="5000"/>
   </generator>
   <sender class="HttpSender">
      <target>http://${server.host}:${server.port}/HTTPGateway/http/PerformanceTest/HTTPGateway</target>
   </sender>
   <reporting>
      <reporter class="WarmUpReporter">
         <property name="minimalWarmUpCount" value="12345"/>
         <property name="relativeThreshold" value="1"/>
      </reporter>
      <reporter class="DummyReporter">
         <destination class="DummyDestination">
            <period type="percentage" value="50"/>
            <period type="iteration" value="100"/>
            <period type="time" value="2000"/>
            <property name="property" value="dummy_p_value"/>
            <property name="property2" value="dummy_p2_value"/>
         </destination>
         <destination class="ConsoleDestination" enabled="false">
            <period type="iteration" value="100"/>
         </destination>
      </reporter>
      <reporter class="MemoryUsageReporter" enabled="false">
         <destination class="ConsoleDestination">
            <period type="iteration" value="100"/>
         </destination>
      </reporter>
   </reporting>
   <messages>
      <message uri="message1.xml" multiplicity="10">
         <header name="m_header1" value="m_h_value1"/>
         <header name="m_header2" value="m_h_value2"/>
         <header name="m_header3" value="m_h_value3"/>
         <property name="m_property1" value="m_p_value1"/>
         <property name="m_property2" value="m_p_value2"/>
         <property name="m_property3" value="m_p_value3"/>
         <validatorRef id="stupidValidator"/>
         <validatorRef id="smileValidator"/>
      </message>
      <message uri="message2.txt">
         <validatorRef id="fishValidator"/>
      </message>
      <message>
         <header name="h3_name" value="h3_value"/>
      </message>
      <message uri="message1.xml" content="message-content-4"/>
      <message content="message-content-5"/>
   </messages>
   <validation>
      <validator id="fishValidator" class="RegExpValidator">
         <property name="pattern" value=".*fish.*"/>
      </validator>
      <validator id="stupidValidator" class="RegExpValidator">
         <property name="pattern" value=".*[Ss]tupid.*"/>
      </validator>
      <validator id="smileValidator" class="RegExpValidator">
         <property name="pattern" value=".*:\).*"/>
      </validator>
   </validation>
</scenario>
