<?xml version="1.0" encoding="utf-8"?>
<scenario xmlns="urn:perfcake:scenario:5.0">
   <properties>
      <property name="quickstartName" value="testQS"/>
      <property name="filteredProperty" value="${test.filtered.property:default1}"/>
      <property name="defaultProperty" value="${test.missing.property:default-property-value}"/>
   </properties>
   <run type="time" value="30"/>
   <generator class="DefaultMessageGenerator" threads="10">
      <property name="senderTaskQueueSize" value="5000"/>
   </generator>
   <sender class="HttpSender">
      <target>http://${server.host}:${server.port}/HTTPGateway/http/PerformanceTest/HTTPGateway</target>
   </sender>
   <reporting>
      <property name="tags" value=""/>
      <property name="uniqueId" value="${scenario}"/>
      <reporter class="ATReporter">
         <property name="labelType" value="Time"/>
         <destination class="CsvDestination">
            <property name="periodicity" value="10%"/>
            <property name="outputPath" value="logs"/>
         </destination>
         <destination class="ConsoleDestination">
            <property name="periodicity" value="1s"/>
         </destination>
      </reporter>
   </reporting>
</scenario>
