<?xml version="1.0" encoding="utf-8"?>
<scenario xmlns="urn:perfcake:scenario:5.0">
   <run type="iteration" value="1"/>
   <generator class="DefaultMessageGenerator" threads="10">
      <property name="shutdownPeriod" value="5500" />
   </generator>
   <sender class="TestSender">
      <target>Out there!</target>
      <property name="delay" value="5000" />
   </sender>
   <!--reporting>
      <reporter class="DummyReporter">
         <destination class="DummyDestination">
            <period type="time" value="1000"/>
         </destination>
      </reporter>
   </reporting-->
   <messages>
      <message uri="message1.xml"/>
   </messages>
</scenario>
