<?xml version="1.0" encoding="utf-8"?>
<scenario xmlns="urn:perfcake:scenario:5.0">
   <run type="iteration" value="1000000"/>
   <generator class="DefaultMessageGenerator" threads="${threads:25}"/>
   <sender class="TestSender"/>
   <reporting>
      <reporter class="ThroughputStatsReporter">
         <destination class="ConsoleDestination">
            <period type="time" value="1000"/>
         </destination>
         <destination class="ChartDestination">
            <period type="time" value="500"/>
            <property name="outputDir" value="target/test-chart" />
            <property name="yAxis" value="Throughput [iteration/s]"/>
            <property name="group" value="${perfcake.scenario}_throughput"/>
            <property name="name" value="Troughput (${threads:25} threads)"/>
            <property name="attributes" value="Minimum,Maximum,Average,Result"/>
            <property name="target" value="${perfcake.scenario}-charts"/>
         </destination>
      </reporter>
   </reporting>
</scenario>